<?xml version="1.0" encoding="UTF-8"?>
<testsuite name="tests.LaunchTestRealPhone" tests="1" skipped="0" failures="0" errors="0" timestamp="2022-06-29T10:10:56" hostname="DESKTOP-KF54E9L" time="0.819">
  <properties/>
  <testcase name="appLaunch" classname="tests.LaunchTestRealPhone" time="0.819"/>
  <system-out><![CDATA[]]></system-out>
  <system-err><![CDATA[]]></system-err>
</testsuite>
