<?xml version="1.0" encoding="UTF-8"?>
<testsuite name="tests.LoginTestAssert" tests="2" skipped="0" failures="0" errors="0" timestamp="2022-06-29T15:23:07" hostname="DESKTOP-KF54E9L" time="19.873">
  <properties/>
  <testcase name="loginSuccessFirst" classname="tests.LoginTestAssert" time="9.033"/>
  <testcase name="loginSuccessSecond" classname="tests.LoginTestAssert" time="7.633"/>
  <system-out><![CDATA[]]></system-out>
  <system-err><![CDATA[]]></system-err>
</testsuite>
