<?xml version="1.0" encoding="UTF-8"?>
<testsuite name="tests.LoginTest" tests="1" skipped="0" failures="1" errors="0" timestamp="2022-07-12T09:15:32" hostname="DESKTOP-KF54E9L" time="23.254">
  <properties/>
  <testcase name="loginWrongEmailFormat" classname="tests.LoginTest" time="23.254">
    <failure message="org.openqa.selenium.InvalidElementStateException: Cannot perform touch on the element&#10;Build info: version: '4.0.0-alpha-1', revision: 'd1d3728cae', time: '2019-04-24T13:42:21'&#10;System info: host: 'DESKTOP-KF54E9L', ip: '192.168.42.118', os.name: 'Windows 10', os.arch: 'amd64', os.version: '10.0', java.version: '1.8.0_321'&#10;Driver info: io.appium.java_client.AppiumDriver&#10;Capabilities {appActivity: .presentation.splashScreen...., appPackage: com.example.svetlana.scheduler, automationName: Appium, databaseEnabled: false, desired: {appActivity: .presentation.splashScreen...., appPackage: com.example.svetlana.scheduler, automationName: Appium, deviceName: R58N75HPY8E, platformName: android, platformVersion: 12}, deviceApiLevel: 31, deviceManufacturer: samsung, deviceModel: SM-N985F, deviceName: R58N75HPY8E, deviceScreenDensity: 420, deviceScreenSize: 1080x2316, deviceUDID: R58N75HPY8E, javascriptEnabled: true, locationContextEnabled: false, networkConnectionEnabled: true, pixelRatio: 2.625, platform: LINUX, platformName: Android, platformVersion: 12, statBarHeight: 67, takesScreenshot: true, viewportRect: {height: 2056, left: 0, top: 67, width: 1080}, warnings: {}, webStorageEnabled: false}&#10;Session ID: cd32a0b1-bad5-40c8-b61b-e6404b0bc76e" type="org.openqa.selenium.InvalidElementStateException">org.openqa.selenium.InvalidElementStateException: Cannot perform touch on the element
Build info: version: '4.0.0-alpha-1', revision: 'd1d3728cae', time: '2019-04-24T13:42:21'
System info: host: 'DESKTOP-KF54E9L', ip: '192.168.42.118', os.name: 'Windows 10', os.arch: 'amd64', os.version: '10.0', java.version: '1.8.0_321'
Driver info: io.appium.java_client.AppiumDriver
Capabilities {appActivity: .presentation.splashScreen...., appPackage: com.example.svetlana.scheduler, automationName: Appium, databaseEnabled: false, desired: {appActivity: .presentation.splashScreen...., appPackage: com.example.svetlana.scheduler, automationName: Appium, deviceName: R58N75HPY8E, platformName: android, platformVersion: 12}, deviceApiLevel: 31, deviceManufacturer: samsung, deviceModel: SM-N985F, deviceName: R58N75HPY8E, deviceScreenDensity: 420, deviceScreenSize: 1080x2316, deviceUDID: R58N75HPY8E, javascriptEnabled: true, locationContextEnabled: false, networkConnectionEnabled: true, pixelRatio: 2.625, platform: LINUX, platformName: Android, platformVersion: 12, statBarHeight: 67, takesScreenshot: true, viewportRect: {height: 2056, left: 0, top: 67, width: 1080}, warnings: {}, webStorageEnabled: false}
Session ID: cd32a0b1-bad5-40c8-b61b-e6404b0bc76e
	at sun.reflect.NativeConstructorAccessorImpl.newInstance0(Native Method)
	at sun.reflect.NativeConstructorAccessorImpl.newInstance(NativeConstructorAccessorImpl.java:62)
	at sun.reflect.DelegatingConstructorAccessorImpl.newInstance(DelegatingConstructorAccessorImpl.java:45)
	at java.lang.reflect.Constructor.newInstance(Constructor.java:423)
	at org.openqa.selenium.remote.codec.w3c.W3CHttpResponseCodec.createException(W3CHttpResponseCodec.java:190)
	at org.openqa.selenium.remote.codec.w3c.W3CHttpResponseCodec.decode(W3CHttpResponseCodec.java:124)
	at org.openqa.selenium.remote.codec.w3c.W3CHttpResponseCodec.decode(W3CHttpResponseCodec.java:51)
	at org.openqa.selenium.remote.HttpCommandExecutor.execute(HttpCommandExecutor.java:161)
	at io.appium.java_client.remote.AppiumCommandExecutor.execute(AppiumCommandExecutor.java:239)
	at org.openqa.selenium.remote.RemoteWebDriver.execute(RemoteWebDriver.java:577)
	at org.openqa.selenium.remote.RemoteWebDriver.execute(RemoteWebDriver.java:634)
	at io.appium.java_client.DefaultGenericMobileDriver.execute(DefaultGenericMobileDriver.java:41)
	at io.appium.java_client.AppiumDriver.execute(AppiumDriver.java:1)
	at io.appium.java_client.PerformsTouchActions.performTouchAction(PerformsTouchActions.java:41)
	at io.appium.java_client.PerformsTouchActions$$FastClassBySpringCGLIB$$5fa2c53c.invoke(&lt;generated&gt;)
	at org.springframework.cglib.proxy.MethodProxy.invoke(MethodProxy.java:218)
	at org.springframework.aop.framework.CglibAopProxy$CglibMethodInvocation.invokeJoinpoint(CglibAopProxy.java:749)
	at org.springframework.aop.framework.ReflectiveMethodInvocation.proceed(ReflectiveMethodInvocation.java:163)
	at org.springframework.aop.interceptor.ExposeInvocationInterceptor.invoke(ExposeInvocationInterceptor.java:93)
	at org.springframework.aop.framework.ReflectiveMethodInvocation.proceed(ReflectiveMethodInvocation.java:186)
	at org.springframework.aop.framework.CglibAopProxy$DynamicAdvisedInterceptor.intercept(CglibAopProxy.java:688)
	at io.appium.java_client.AppiumDriver$$EnhancerBySpringCGLIB$$c7ce0061.performTouchAction(&lt;generated&gt;)
	at io.appium.java_client.TouchAction.perform(TouchAction.java:187)
	at screens.LoginScreen.clickOnRedSign(LoginScreen.java:104)
	at tests.LoginTest.loginWrongEmailFormat(LoginTest.java:35)
	at sun.reflect.NativeMethodAccessorImpl.invoke0(Native Method)
	at sun.reflect.NativeMethodAccessorImpl.invoke(NativeMethodAccessorImpl.java:62)
	at sun.reflect.DelegatingMethodAccessorImpl.invoke(DelegatingMethodAccessorImpl.java:43)
	at java.lang.reflect.Method.invoke(Method.java:498)
	at org.testng.internal.invokers.MethodInvocationHelper.invokeMethod(MethodInvocationHelper.java:135)
	at org.testng.internal.invokers.TestInvoker.invokeMethod(TestInvoker.java:673)
	at org.testng.internal.invokers.TestInvoker.invokeTestMethod(TestInvoker.java:220)
	at org.testng.internal.invokers.MethodRunner.runInSequence(MethodRunner.java:50)
	at org.testng.internal.invokers.TestInvoker$MethodInvocationAgent.invoke(TestInvoker.java:945)
	at org.testng.internal.invokers.TestInvoker.invokeTestMethods(TestInvoker.java:193)
	at org.testng.internal.invokers.TestMethodWorker.invokeTestMethods(TestMethodWorker.java:146)
	at org.testng.internal.invokers.TestMethodWorker.run(TestMethodWorker.java:128)
	at java.util.ArrayList.forEach(ArrayList.java:1259)
	at org.testng.TestRunner.privateRun(TestRunner.java:808)
	at org.testng.TestRunner.run(TestRunner.java:603)
	at org.testng.SuiteRunner.runTest(SuiteRunner.java:429)
	at org.testng.SuiteRunner.runSequentially(SuiteRunner.java:423)
	at org.testng.SuiteRunner.privateRun(SuiteRunner.java:383)
	at org.testng.SuiteRunner.run(SuiteRunner.java:326)
	at org.testng.SuiteRunnerWorker.runSuite(SuiteRunnerWorker.java:52)
	at org.testng.SuiteRunnerWorker.run(SuiteRunnerWorker.java:95)
	at org.testng.TestNG.runSuitesSequentially(TestNG.java:1249)
	at org.testng.TestNG.runSuitesLocally(TestNG.java:1169)
	at org.testng.TestNG.runSuites(TestNG.java:1092)
	at org.testng.TestNG.run(TestNG.java:1060)
	at org.gradle.api.internal.tasks.testing.testng.TestNGTestClassProcessor.runTests(TestNGTestClassProcessor.java:141)
	at org.gradle.api.internal.tasks.testing.testng.TestNGTestClassProcessor.stop(TestNGTestClassProcessor.java:90)
	at org.gradle.api.internal.tasks.testing.SuiteTestClassProcessor.stop(SuiteTestClassProcessor.java:61)
	at sun.reflect.NativeMethodAccessorImpl.invoke0(Native Method)
	at sun.reflect.NativeMethodAccessorImpl.invoke(NativeMethodAccessorImpl.java:62)
	at sun.reflect.DelegatingMethodAccessorImpl.invoke(DelegatingMethodAccessorImpl.java:43)
	at java.lang.reflect.Method.invoke(Method.java:498)
	at org.gradle.internal.dispatch.ReflectionDispatch.dispatch(ReflectionDispatch.java:36)
	at org.gradle.internal.dispatch.ReflectionDispatch.dispatch(ReflectionDispatch.java:24)
	at org.gradle.internal.dispatch.ContextClassLoaderDispatch.dispatch(ContextClassLoaderDispatch.java:33)
	at org.gradle.internal.dispatch.ProxyDispatchAdapter$DispatchingInvocationHandler.invoke(ProxyDispatchAdapter.java:94)
	at com.sun.proxy.$Proxy2.stop(Unknown Source)
	at org.gradle.api.internal.tasks.testing.worker.TestWorker$3.run(TestWorker.java:193)
	at org.gradle.api.internal.tasks.testing.worker.TestWorker.executeAndMaintainThreadName(TestWorker.java:129)
	at org.gradle.api.internal.tasks.testing.worker.TestWorker.execute(TestWorker.java:100)
	at org.gradle.api.internal.tasks.testing.worker.TestWorker.execute(TestWorker.java:60)
	at org.gradle.process.internal.worker.child.ActionExecutionWorker.execute(ActionExecutionWorker.java:56)
	at org.gradle.process.internal.worker.child.SystemApplicationClassLoaderWorker.call(SystemApplicationClassLoaderWorker.java:133)
	at org.gradle.process.internal.worker.child.SystemApplicationClassLoaderWorker.call(SystemApplicationClassLoaderWorker.java:71)
	at worker.org.gradle.process.internal.worker.GradleWorkerMain.run(GradleWorkerMain.java:69)
	at worker.org.gradle.process.internal.worker.GradleWorkerMain.main(GradleWorkerMain.java:74)
</failure>
  </testcase>
  <system-out><![CDATA[12:15:32  INFO  manager.ConfigurationRealPhone - Method to be tested:->>loginWrongEmailFormat
12:15:33  INFO  manager.MyListener - start search element by locator:->>By.xpath: //*[@resource-id='com.example.svetlana.scheduler:id/log_email_input']
12:15:35  INFO  manager.MyListener - element with locator->>By.xpath: //*[@resource-id='com.example.svetlana.scheduler:id/log_email_input'] was found
12:15:37  INFO  manager.MyListener - start search element by locator:->>By.xpath: //*[@resource-id='com.example.svetlana.scheduler:id/log_email_input']
12:15:39  INFO  manager.MyListener - element with locator->>By.xpath: //*[@resource-id='com.example.svetlana.scheduler:id/log_email_input'] was found
12:15:40  INFO  manager.MyListener - start search element by locator:->>By.xpath: //*[@resource-id='com.example.svetlana.scheduler:id/log_email_input']
12:15:40  INFO  manager.MyListener - element with locator->>By.xpath: //*[@resource-id='com.example.svetlana.scheduler:id/log_email_input'] was found
12:15:40  INFO  manager.MyListener - start search element by locator:->>By.xpath: //*[@resource-id='com.example.svetlana.scheduler:id/log_email_input']
12:15:41  INFO  manager.MyListener - element with locator->>By.xpath: //*[@resource-id='com.example.svetlana.scheduler:id/log_email_input'] was found
12:15:43  INFO  manager.MyListener - start search element by locator:->>By.xpath: //*[@resource-id='com.example.svetlana.scheduler:id/log_password_input']
12:15:44  INFO  manager.MyListener - element with locator->>By.xpath: //*[@resource-id='com.example.svetlana.scheduler:id/log_password_input'] was found
12:15:45  INFO  manager.MyListener - start search element by locator:->>By.xpath: //*[@resource-id='com.example.svetlana.scheduler:id/log_password_input']
12:15:45  INFO  manager.MyListener - element with locator->>By.xpath: //*[@resource-id='com.example.svetlana.scheduler:id/log_password_input'] was found
12:15:46  INFO  manager.MyListener - start search element by locator:->>By.xpath: //*[@resource-id='com.example.svetlana.scheduler:id/log_password_input']
12:15:47  INFO  manager.MyListener - element with locator->>By.xpath: //*[@resource-id='com.example.svetlana.scheduler:id/log_password_input'] was found
12:15:50  INFO  manager.MyListener - start search element by locator:->>By.xpath: //*[@resource-id='com.example.svetlana.scheduler:id/login_btn']
12:15:50  INFO  manager.MyListener - element with locator->>By.xpath: //*[@resource-id='com.example.svetlana.scheduler:id/login_btn'] was found
12:15:52  INFO  manager.MyListener - start search element by locator:->>By.xpath: //*[@resource-id='com.example.svetlana.scheduler:id/log_email_input']
12:15:52  INFO  manager.MyListener - element with locator->>By.xpath: //*[@resource-id='com.example.svetlana.scheduler:id/log_email_input'] was found
12:15:55  INFO  manager.ConfigurationRealPhone - Test named:->>loginWrongEmailFormat finished
]]></system-out>
  <system-err><![CDATA[]]></system-err>
</testsuite>
