<?xml version="1.0" encoding="UTF-8"?>
<testsuite name="tests.CreateNewEventTests" tests="2" skipped="0" failures="0" errors="0" timestamp="2022-06-29T15:22:01" hostname="DESKTOP-KF54E9L" time="40.481">
  <properties/>
  <testcase name="addNewEventSuccess" classname="tests.CreateNewEventTests" time="20.914"/>
  <testcase name="addNewEventSuccessSecond" classname="tests.CreateNewEventTests" time="19.559"/>
  <system-out><![CDATA[]]></system-out>
  <system-err><![CDATA[]]></system-err>
</testsuite>
