<?xml version="1.0" encoding="UTF-8"?>
<testsuite name="tests.RegistrationTests" tests="1" skipped="0" failures="0" errors="0" timestamp="2022-07-23T08:57:09" hostname="ARTEMKA" time="28.965">
  <properties/>
  <testcase name="registrationNotSkip" classname="tests.RegistrationTests" time="28.965"/>
  <system-out><![CDATA[11:57:09  INFO  manager.Configuration - Method to be tested:->>registrationNotSkip
11:57:09  INFO  manager.MyListener - start search element by locator:->>By.xpath: //*[@resource-id='com.example.svetlana.scheduler:id/log_email_input']
11:57:10  INFO  manager.MyListener - There is a problem->>An element could not be located on the page using the given search parameters.
For documentation on this error, please visit: https://www.seleniumhq.org/exceptions/no_such_element.html
Build info: version: '4.0.0-alpha-1', revision: 'd1d3728cae', time: '2019-04-24T13:42:21'
System info: host: 'ARTEMKA', ip: '192.168.0.103', os.name: 'Windows 10', os.arch: 'amd64', os.version: '10.0', java.version: '1.8.0_333'
Driver info: io.appium.java_client.AppiumDriver
Capabilities {appActivity: .presentation.splashScreen...., appPackage: com.example.svetlana.scheduler, automationName: UiAutomator2, databaseEnabled: false, desired: {appActivity: .presentation.splashScreen...., appPackage: com.example.svetlana.scheduler, automationName: UiAutomator2, deviceName: R58N75HPY8E, platformName: android, platformVersion: 12}, deviceApiLevel: 31, deviceManufacturer: samsung, deviceModel: SM-N985F, deviceName: R58N75HPY8E, deviceScreenDensity: 420, deviceScreenSize: 1080x2316, deviceUDID: R58N75HPY8E, javascriptEnabled: true, locationContextEnabled: false, networkConnectionEnabled: true, pixelRatio: 2.625, platform: LINUX, platformName: Android, platformVersion: 12, statBarHeight: 67, takesScreenshot: true, viewportRect: {height: 2056, left: 0, top: 67, width: 1080}, warnings: {}, webStorageEnabled: false}
Session ID: 63c3de6b-48ef-4359-abf9-f772ba3accb3
*** Element info: {Using=xpath, value=//*[@resource-id='com.example.svetlana.scheduler:id/log_email_input']}
11:57:10  INFO  manager.MyListener - We have a problem -->org.openqa.selenium.NoSuchElementException: An element could not be located on the page using the given search parameters.
For documentation on this error, please visit: https://www.seleniumhq.org/exceptions/no_such_element.html
Build info: version: '4.0.0-alpha-1', revision: 'd1d3728cae', time: '2019-04-24T13:42:21'
System info: host: 'ARTEMKA', ip: '192.168.0.103', os.name: 'Windows 10', os.arch: 'amd64', os.version: '10.0', java.version: '1.8.0_333'
Driver info: io.appium.java_client.AppiumDriver
Capabilities {appActivity: .presentation.splashScreen...., appPackage: com.example.svetlana.scheduler, automationName: UiAutomator2, databaseEnabled: false, desired: {appActivity: .presentation.splashScreen...., appPackage: com.example.svetlana.scheduler, automationName: UiAutomator2, deviceName: R58N75HPY8E, platformName: android, platformVersion: 12}, deviceApiLevel: 31, deviceManufacturer: samsung, deviceModel: SM-N985F, deviceName: R58N75HPY8E, deviceScreenDensity: 420, deviceScreenSize: 1080x2316, deviceUDID: R58N75HPY8E, javascriptEnabled: true, locationContextEnabled: false, networkConnectionEnabled: true, pixelRatio: 2.625, platform: LINUX, platformName: Android, platformVersion: 12, statBarHeight: 67, takesScreenshot: true, viewportRect: {height: 2056, left: 0, top: 67, width: 1080}, warnings: {}, webStorageEnabled: false}
Session ID: 63c3de6b-48ef-4359-abf9-f772ba3accb3
*** Element info: {Using=xpath, value=//*[@resource-id='com.example.svetlana.scheduler:id/log_email_input']}
11:57:10  INFO  manager.MyListener - element with locator->>By.xpath: //*[@resource-id='com.example.svetlana.scheduler:id/log_email_input'] was found
11:57:11  INFO  manager.MyListener - start search element by locator:->>By.xpath: //*[@resource-id='com.example.svetlana.scheduler:id/log_email_input']
11:57:11  INFO  manager.MyListener - There is a problem->>An element could not be located on the page using the given search parameters.
For documentation on this error, please visit: https://www.seleniumhq.org/exceptions/no_such_element.html
Build info: version: '4.0.0-alpha-1', revision: 'd1d3728cae', time: '2019-04-24T13:42:21'
System info: host: 'ARTEMKA', ip: '192.168.0.103', os.name: 'Windows 10', os.arch: 'amd64', os.version: '10.0', java.version: '1.8.0_333'
Driver info: io.appium.java_client.AppiumDriver
Capabilities {appActivity: .presentation.splashScreen...., appPackage: com.example.svetlana.scheduler, automationName: UiAutomator2, databaseEnabled: false, desired: {appActivity: .presentation.splashScreen...., appPackage: com.example.svetlana.scheduler, automationName: UiAutomator2, deviceName: R58N75HPY8E, platformName: android, platformVersion: 12}, deviceApiLevel: 31, deviceManufacturer: samsung, deviceModel: SM-N985F, deviceName: R58N75HPY8E, deviceScreenDensity: 420, deviceScreenSize: 1080x2316, deviceUDID: R58N75HPY8E, javascriptEnabled: true, locationContextEnabled: false, networkConnectionEnabled: true, pixelRatio: 2.625, platform: LINUX, platformName: Android, platformVersion: 12, statBarHeight: 67, takesScreenshot: true, viewportRect: {height: 2056, left: 0, top: 67, width: 1080}, warnings: {}, webStorageEnabled: false}
Session ID: 63c3de6b-48ef-4359-abf9-f772ba3accb3
*** Element info: {Using=xpath, value=//*[@resource-id='com.example.svetlana.scheduler:id/log_email_input']}
11:57:11  INFO  manager.MyListener - We have a problem -->org.openqa.selenium.NoSuchElementException: An element could not be located on the page using the given search parameters.
For documentation on this error, please visit: https://www.seleniumhq.org/exceptions/no_such_element.html
Build info: version: '4.0.0-alpha-1', revision: 'd1d3728cae', time: '2019-04-24T13:42:21'
System info: host: 'ARTEMKA', ip: '192.168.0.103', os.name: 'Windows 10', os.arch: 'amd64', os.version: '10.0', java.version: '1.8.0_333'
Driver info: io.appium.java_client.AppiumDriver
Capabilities {appActivity: .presentation.splashScreen...., appPackage: com.example.svetlana.scheduler, automationName: UiAutomator2, databaseEnabled: false, desired: {appActivity: .presentation.splashScreen...., appPackage: com.example.svetlana.scheduler, automationName: UiAutomator2, deviceName: R58N75HPY8E, platformName: android, platformVersion: 12}, deviceApiLevel: 31, deviceManufacturer: samsung, deviceModel: SM-N985F, deviceName: R58N75HPY8E, deviceScreenDensity: 420, deviceScreenSize: 1080x2316, deviceUDID: R58N75HPY8E, javascriptEnabled: true, locationContextEnabled: false, networkConnectionEnabled: true, pixelRatio: 2.625, platform: LINUX, platformName: Android, platformVersion: 12, statBarHeight: 67, takesScreenshot: true, viewportRect: {height: 2056, left: 0, top: 67, width: 1080}, warnings: {}, webStorageEnabled: false}
Session ID: 63c3de6b-48ef-4359-abf9-f772ba3accb3
*** Element info: {Using=xpath, value=//*[@resource-id='com.example.svetlana.scheduler:id/log_email_input']}
11:57:11  INFO  manager.MyListener - element with locator->>By.xpath: //*[@resource-id='com.example.svetlana.scheduler:id/log_email_input'] was found
11:57:12  INFO  manager.MyListener - start search element by locator:->>By.xpath: //*[@resource-id='com.example.svetlana.scheduler:id/log_email_input']
11:57:12  INFO  manager.MyListener - There is a problem->>An element could not be located on the page using the given search parameters.
For documentation on this error, please visit: https://www.seleniumhq.org/exceptions/no_such_element.html
Build info: version: '4.0.0-alpha-1', revision: 'd1d3728cae', time: '2019-04-24T13:42:21'
System info: host: 'ARTEMKA', ip: '192.168.0.103', os.name: 'Windows 10', os.arch: 'amd64', os.version: '10.0', java.version: '1.8.0_333'
Driver info: io.appium.java_client.AppiumDriver
Capabilities {appActivity: .presentation.splashScreen...., appPackage: com.example.svetlana.scheduler, automationName: UiAutomator2, databaseEnabled: false, desired: {appActivity: .presentation.splashScreen...., appPackage: com.example.svetlana.scheduler, automationName: UiAutomator2, deviceName: R58N75HPY8E, platformName: android, platformVersion: 12}, deviceApiLevel: 31, deviceManufacturer: samsung, deviceModel: SM-N985F, deviceName: R58N75HPY8E, deviceScreenDensity: 420, deviceScreenSize: 1080x2316, deviceUDID: R58N75HPY8E, javascriptEnabled: true, locationContextEnabled: false, networkConnectionEnabled: true, pixelRatio: 2.625, platform: LINUX, platformName: Android, platformVersion: 12, statBarHeight: 67, takesScreenshot: true, viewportRect: {height: 2056, left: 0, top: 67, width: 1080}, warnings: {}, webStorageEnabled: false}
Session ID: 63c3de6b-48ef-4359-abf9-f772ba3accb3
*** Element info: {Using=xpath, value=//*[@resource-id='com.example.svetlana.scheduler:id/log_email_input']}
11:57:12  INFO  manager.MyListener - We have a problem -->org.openqa.selenium.NoSuchElementException: An element could not be located on the page using the given search parameters.
For documentation on this error, please visit: https://www.seleniumhq.org/exceptions/no_such_element.html
Build info: version: '4.0.0-alpha-1', revision: 'd1d3728cae', time: '2019-04-24T13:42:21'
System info: host: 'ARTEMKA', ip: '192.168.0.103', os.name: 'Windows 10', os.arch: 'amd64', os.version: '10.0', java.version: '1.8.0_333'
Driver info: io.appium.java_client.AppiumDriver
Capabilities {appActivity: .presentation.splashScreen...., appPackage: com.example.svetlana.scheduler, automationName: UiAutomator2, databaseEnabled: false, desired: {appActivity: .presentation.splashScreen...., appPackage: com.example.svetlana.scheduler, automationName: UiAutomator2, deviceName: R58N75HPY8E, platformName: android, platformVersion: 12}, deviceApiLevel: 31, deviceManufacturer: samsung, deviceModel: SM-N985F, deviceName: R58N75HPY8E, deviceScreenDensity: 420, deviceScreenSize: 1080x2316, deviceUDID: R58N75HPY8E, javascriptEnabled: true, locationContextEnabled: false, networkConnectionEnabled: true, pixelRatio: 2.625, platform: LINUX, platformName: Android, platformVersion: 12, statBarHeight: 67, takesScreenshot: true, viewportRect: {height: 2056, left: 0, top: 67, width: 1080}, warnings: {}, webStorageEnabled: false}
Session ID: 63c3de6b-48ef-4359-abf9-f772ba3accb3
*** Element info: {Using=xpath, value=//*[@resource-id='com.example.svetlana.scheduler:id/log_email_input']}
11:57:12  INFO  manager.MyListener - element with locator->>By.xpath: //*[@resource-id='com.example.svetlana.scheduler:id/log_email_input'] was found
11:57:13  INFO  manager.MyListener - start search element by locator:->>By.xpath: //*[@resource-id='com.example.svetlana.scheduler:id/log_email_input']
11:57:13  INFO  manager.MyListener - There is a problem->>An element could not be located on the page using the given search parameters.
For documentation on this error, please visit: https://www.seleniumhq.org/exceptions/no_such_element.html
Build info: version: '4.0.0-alpha-1', revision: 'd1d3728cae', time: '2019-04-24T13:42:21'
System info: host: 'ARTEMKA', ip: '192.168.0.103', os.name: 'Windows 10', os.arch: 'amd64', os.version: '10.0', java.version: '1.8.0_333'
Driver info: io.appium.java_client.AppiumDriver
Capabilities {appActivity: .presentation.splashScreen...., appPackage: com.example.svetlana.scheduler, automationName: UiAutomator2, databaseEnabled: false, desired: {appActivity: .presentation.splashScreen...., appPackage: com.example.svetlana.scheduler, automationName: UiAutomator2, deviceName: R58N75HPY8E, platformName: android, platformVersion: 12}, deviceApiLevel: 31, deviceManufacturer: samsung, deviceModel: SM-N985F, deviceName: R58N75HPY8E, deviceScreenDensity: 420, deviceScreenSize: 1080x2316, deviceUDID: R58N75HPY8E, javascriptEnabled: true, locationContextEnabled: false, networkConnectionEnabled: true, pixelRatio: 2.625, platform: LINUX, platformName: Android, platformVersion: 12, statBarHeight: 67, takesScreenshot: true, viewportRect: {height: 2056, left: 0, top: 67, width: 1080}, warnings: {}, webStorageEnabled: false}
Session ID: 63c3de6b-48ef-4359-abf9-f772ba3accb3
*** Element info: {Using=xpath, value=//*[@resource-id='com.example.svetlana.scheduler:id/log_email_input']}
11:57:13  INFO  manager.MyListener - We have a problem -->org.openqa.selenium.NoSuchElementException: An element could not be located on the page using the given search parameters.
For documentation on this error, please visit: https://www.seleniumhq.org/exceptions/no_such_element.html
Build info: version: '4.0.0-alpha-1', revision: 'd1d3728cae', time: '2019-04-24T13:42:21'
System info: host: 'ARTEMKA', ip: '192.168.0.103', os.name: 'Windows 10', os.arch: 'amd64', os.version: '10.0', java.version: '1.8.0_333'
Driver info: io.appium.java_client.AppiumDriver
Capabilities {appActivity: .presentation.splashScreen...., appPackage: com.example.svetlana.scheduler, automationName: UiAutomator2, databaseEnabled: false, desired: {appActivity: .presentation.splashScreen...., appPackage: com.example.svetlana.scheduler, automationName: UiAutomator2, deviceName: R58N75HPY8E, platformName: android, platformVersion: 12}, deviceApiLevel: 31, deviceManufacturer: samsung, deviceModel: SM-N985F, deviceName: R58N75HPY8E, deviceScreenDensity: 420, deviceScreenSize: 1080x2316, deviceUDID: R58N75HPY8E, javascriptEnabled: true, locationContextEnabled: false, networkConnectionEnabled: true, pixelRatio: 2.625, platform: LINUX, platformName: Android, platformVersion: 12, statBarHeight: 67, takesScreenshot: true, viewportRect: {height: 2056, left: 0, top: 67, width: 1080}, warnings: {}, webStorageEnabled: false}
Session ID: 63c3de6b-48ef-4359-abf9-f772ba3accb3
*** Element info: {Using=xpath, value=//*[@resource-id='com.example.svetlana.scheduler:id/log_email_input']}
11:57:13  INFO  manager.MyListener - element with locator->>By.xpath: //*[@resource-id='com.example.svetlana.scheduler:id/log_email_input'] was found
11:57:14  INFO  manager.MyListener - start search element by locator:->>By.xpath: //*[@resource-id='com.example.svetlana.scheduler:id/log_email_input']
11:57:14  INFO  manager.MyListener - element with locator->>By.xpath: //*[@resource-id='com.example.svetlana.scheduler:id/log_email_input'] was found
11:57:14  INFO  manager.MyListener - start search element by locator:->>By.xpath: //*[@resource-id='com.example.svetlana.scheduler:id/log_email_input']
11:57:14  INFO  manager.MyListener - element with locator->>By.xpath: //*[@resource-id='com.example.svetlana.scheduler:id/log_email_input'] was found
11:57:15  INFO  manager.MyListener - start search element by locator:->>By.xpath: //*[@resource-id='com.example.svetlana.scheduler:id/log_email_input']
11:57:15  INFO  manager.MyListener - element with locator->>By.xpath: //*[@resource-id='com.example.svetlana.scheduler:id/log_email_input'] was found
11:57:15  INFO  manager.MyListener - start search element by locator:->>By.xpath: //*[@resource-id='com.example.svetlana.scheduler:id/log_email_input']
11:57:16  INFO  manager.MyListener - element with locator->>By.xpath: //*[@resource-id='com.example.svetlana.scheduler:id/log_email_input'] was found
11:57:17  INFO  manager.MyListener - start search element by locator:->>By.xpath: //*[@resource-id='com.example.svetlana.scheduler:id/log_password_input']
11:57:17  INFO  manager.MyListener - element with locator->>By.xpath: //*[@resource-id='com.example.svetlana.scheduler:id/log_password_input'] was found
11:57:18  INFO  manager.MyListener - start search element by locator:->>By.xpath: //*[@resource-id='com.example.svetlana.scheduler:id/log_password_input']
11:57:18  INFO  manager.MyListener - element with locator->>By.xpath: //*[@resource-id='com.example.svetlana.scheduler:id/log_password_input'] was found
11:57:18  INFO  manager.MyListener - start search element by locator:->>By.xpath: //*[@resource-id='com.example.svetlana.scheduler:id/log_password_input']
11:57:19  INFO  manager.MyListener - element with locator->>By.xpath: //*[@resource-id='com.example.svetlana.scheduler:id/log_password_input'] was found
11:57:21  INFO  manager.MyListener - start search element by locator:->>By.xpath: //*[@resource-id='com.example.svetlana.scheduler:id/login_btn']
11:57:21  INFO  manager.MyListener - element with locator->>By.xpath: //*[@resource-id='com.example.svetlana.scheduler:id/login_btn'] was found
11:57:22  INFO  manager.MyListener - start search element by locator:->>By.xpath: //*[@resource-id='com.example.svetlana.scheduler:id/wizard_settings_skip']
11:57:22  INFO  manager.MyListener - element with locator->>By.xpath: //*[@resource-id='com.example.svetlana.scheduler:id/wizard_settings_skip'] was found
11:57:22  INFO  manager.MyListener - start search element by locator:->>By.xpath: //*[@resource-id='com.example.svetlana.scheduler:id/wizard_settings_currency_arrow']
11:57:23  INFO  manager.MyListener - element with locator->>By.xpath: //*[@resource-id='com.example.svetlana.scheduler:id/wizard_settings_currency_arrow'] was found
11:57:23  INFO  manager.MyListener - start search element by locator:->>By.xpath: //*[@resource-id='com.example.svetlana.scheduler:id/currency_row_title']
11:57:24  INFO  manager.MyListener - element with locator->>By.xpath: //*[@resource-id='com.example.svetlana.scheduler:id/currency_row_title'] was found
11:57:26  INFO  manager.MyListener - start search element by locator:->>By.xpath: //*[@resource-id='com.example.svetlana.scheduler:id/currency_row_title']
11:57:28  INFO  manager.MyListener - element with locator->>By.xpath: //*[@resource-id='com.example.svetlana.scheduler:id/currency_row_title'] was found
11:57:30  INFO  manager.MyListener - start search element by locator:->>By.xpath: //*[@resource-id='com.example.svetlana.scheduler:id/wizard_settings_wage_res']
11:57:30  INFO  manager.MyListener - element with locator->>By.xpath: //*[@resource-id='com.example.svetlana.scheduler:id/wizard_settings_wage_res'] was found
11:57:30  INFO  manager.MyListener - start search element by locator:->>By.xpath: //*[@resource-id='com.example.svetlana.scheduler:id/wizard_settings_wage_arrow']
11:57:31  INFO  manager.MyListener - element with locator->>By.xpath: //*[@resource-id='com.example.svetlana.scheduler:id/wizard_settings_wage_arrow'] was found
11:57:31  INFO  manager.MyListener - start search element by locator:->>By.xpath: //*[@resource-id='com.example.svetlana.scheduler:id/wage_dialog_input']
11:57:32  INFO  manager.MyListener - element with locator->>By.xpath: //*[@resource-id='com.example.svetlana.scheduler:id/wage_dialog_input'] was found
11:57:32  INFO  manager.MyListener - start search element by locator:->>By.xpath: //*[@resource-id='com.example.svetlana.scheduler:id/wage_dialog_input']
11:57:32  INFO  manager.MyListener - element with locator->>By.xpath: //*[@resource-id='com.example.svetlana.scheduler:id/wage_dialog_input'] was found
11:57:33  INFO  manager.MyListener - start search element by locator:->>By.xpath: //*[@resource-id='com.example.svetlana.scheduler:id/wage_dialog_input']
11:57:33  INFO  manager.MyListener - element with locator->>By.xpath: //*[@resource-id='com.example.svetlana.scheduler:id/wage_dialog_input'] was found
11:57:33  INFO  manager.MyListener - start search element by locator:->>By.xpath: //*[@resource-id='com.example.svetlana.scheduler:id/wage_dialog_ok_btn']
11:57:34  INFO  manager.MyListener - element with locator->>By.xpath: //*[@resource-id='com.example.svetlana.scheduler:id/wage_dialog_ok_btn'] was found
11:57:34  INFO  manager.MyListener - start search element by locator:->>By.xpath: //*[@resource-id='com.example.svetlana.scheduler:id/wizard_settings_next']
11:57:35  INFO  manager.MyListener - element with locator->>By.xpath: //*[@resource-id='com.example.svetlana.scheduler:id/wizard_settings_next'] was found
11:57:36  INFO  manager.MyListener - start search element by locator:->>By.xpath: //*[@resource-id='com.example.svetlana.scheduler:id/fab_main']
11:57:36  INFO  manager.MyListener - element with locator->>By.xpath: //*[@resource-id='com.example.svetlana.scheduler:id/fab_main'] was found
11:57:36  INFO  manager.MyListener - start search element by locator:->>By.xpath: //*[@resource-id='com.example.svetlana.scheduler:id/fab_main']
11:57:36  INFO  manager.MyListener - element with locator->>By.xpath: //*[@resource-id='com.example.svetlana.scheduler:id/fab_main'] was found
11:57:37  INFO  manager.MyListener - start search element by locator:->>By.xpath: //*[@content-desc='Open']
11:57:37  INFO  manager.MyListener - element with locator->>By.xpath: //*[@content-desc='Open'] was found
11:57:37  INFO  manager.MyListener - start search element by locator:->>By.xpath: //*[@resource-id='com.example.svetlana.scheduler:id/nav_fr_logout_container']
11:57:38  INFO  manager.MyListener - element with locator->>By.xpath: //*[@resource-id='com.example.svetlana.scheduler:id/nav_fr_logout_container'] was found
11:57:38  INFO  manager.Configuration - Test named:->>registrationNotSkip finished
]]></system-out>
  <system-err><![CDATA[]]></system-err>
</testsuite>
