<?xml version="1.0" encoding="UTF-8"?>
<testsuite name="tests.LoginTest" tests="2" skipped="0" failures="0" errors="0" timestamp="2022-06-25T10:21:21" hostname="ARTEMKA" time="24.944">
  <properties/>
  <testcase name="loginPos1" classname="tests.LoginTest" time="14.719"/>
  <testcase name="loginPos2" classname="tests.LoginTest" time="10.225"/>
  <system-out><![CDATA[]]></system-out>
  <system-err><![CDATA[]]></system-err>
</testsuite>
