<?xml version="1.0" encoding="UTF-8"?>
<testsuite name="tests.RegistrationTests" tests="6" skipped="1" failures="1" errors="0" timestamp="2022-07-21T06:26:58" hostname="DESKTOP-KF54E9L" time="86.652">
  <properties/>
  <testcase name="registSuccess1" classname="tests.RegistrationTests" time="27.031"/>
  <testcase name="registSuccess2" classname="tests.RegistrationTests" time="13.911"/>
  <testcase name="registrationNotSkip" classname="tests.RegistrationTests" time="26.217"/>
  <testcase name="registrationWrongEmail" classname="tests.RegistrationTests" time="11.275"/>
  <testcase name="postConditions" classname="tests.RegistrationTests" time="1.501">
    <failure message="org.openqa.selenium.NoSuchElementException: Can't locate an element by this strategy: By.xpath: //*[@content-desc='Open']" type="org.openqa.selenium.NoSuchElementException">org.openqa.selenium.NoSuchElementException: Can't locate an element by this strategy: By.xpath: //*[@content-desc='Open']
	at io.appium.java_client.pagefactory.AppiumElementLocator.findElement(AppiumElementLocator.java:126)
	at io.appium.java_client.pagefactory.interceptors.InterceptorOfASingleElement.intercept(InterceptorOfASingleElement.java:59)
	at io.appium.java_client.android.AndroidElement$$EnhancerByCGLIB$$b598166c.click(&lt;generated&gt;)
	at screens.HomeScreen.openMenu(HomeScreen.java:48)
	at tests.RegistrationTests.postConditions(RegistrationTests.java:70)
	at sun.reflect.NativeMethodAccessorImpl.invoke0(Native Method)
	at sun.reflect.NativeMethodAccessorImpl.invoke(NativeMethodAccessorImpl.java:62)
	at sun.reflect.DelegatingMethodAccessorImpl.invoke(DelegatingMethodAccessorImpl.java:43)
	at java.lang.reflect.Method.invoke(Method.java:498)
	at org.testng.internal.invokers.MethodInvocationHelper.invokeMethod(MethodInvocationHelper.java:135)
	at org.testng.internal.invokers.MethodInvocationHelper.invokeMethodConsideringTimeout(MethodInvocationHelper.java:65)
	at org.testng.internal.invokers.ConfigInvoker.invokeConfigurationMethod(ConfigInvoker.java:381)
	at org.testng.internal.invokers.ConfigInvoker.invokeConfigurations(ConfigInvoker.java:319)
	at org.testng.internal.invokers.TestInvoker.runConfigMethods(TestInvoker.java:803)
	at org.testng.internal.invokers.TestInvoker.runAfterConfigurations(TestInvoker.java:772)
	at org.testng.internal.invokers.TestInvoker.invokeMethod(TestInvoker.java:748)
	at org.testng.internal.invokers.TestInvoker.invokeTestMethod(TestInvoker.java:220)
	at org.testng.internal.invokers.MethodRunner.runInSequence(MethodRunner.java:50)
	at org.testng.internal.invokers.TestInvoker$MethodInvocationAgent.invoke(TestInvoker.java:945)
	at org.testng.internal.invokers.TestInvoker.invokeTestMethods(TestInvoker.java:193)
	at org.testng.internal.invokers.TestMethodWorker.invokeTestMethods(TestMethodWorker.java:146)
	at org.testng.internal.invokers.TestMethodWorker.run(TestMethodWorker.java:128)
	at java.util.ArrayList.forEach(ArrayList.java:1259)
	at org.testng.TestRunner.privateRun(TestRunner.java:808)
	at org.testng.TestRunner.run(TestRunner.java:603)
	at org.testng.SuiteRunner.runTest(SuiteRunner.java:429)
	at org.testng.SuiteRunner.runSequentially(SuiteRunner.java:423)
	at org.testng.SuiteRunner.privateRun(SuiteRunner.java:383)
	at org.testng.SuiteRunner.run(SuiteRunner.java:326)
	at org.testng.SuiteRunnerWorker.runSuite(SuiteRunnerWorker.java:52)
	at org.testng.SuiteRunnerWorker.run(SuiteRunnerWorker.java:95)
	at org.testng.TestNG.runSuitesSequentially(TestNG.java:1249)
	at org.testng.TestNG.runSuitesLocally(TestNG.java:1169)
	at org.testng.TestNG.runSuites(TestNG.java:1092)
	at org.testng.TestNG.run(TestNG.java:1060)
	at org.gradle.api.internal.tasks.testing.testng.TestNGTestClassProcessor.runTests(TestNGTestClassProcessor.java:141)
	at org.gradle.api.internal.tasks.testing.testng.TestNGTestClassProcessor.stop(TestNGTestClassProcessor.java:90)
	at org.gradle.api.internal.tasks.testing.SuiteTestClassProcessor.stop(SuiteTestClassProcessor.java:61)
	at sun.reflect.NativeMethodAccessorImpl.invoke0(Native Method)
	at sun.reflect.NativeMethodAccessorImpl.invoke(NativeMethodAccessorImpl.java:62)
	at sun.reflect.DelegatingMethodAccessorImpl.invoke(DelegatingMethodAccessorImpl.java:43)
	at java.lang.reflect.Method.invoke(Method.java:498)
	at org.gradle.internal.dispatch.ReflectionDispatch.dispatch(ReflectionDispatch.java:36)
	at org.gradle.internal.dispatch.ReflectionDispatch.dispatch(ReflectionDispatch.java:24)
	at org.gradle.internal.dispatch.ContextClassLoaderDispatch.dispatch(ContextClassLoaderDispatch.java:33)
	at org.gradle.internal.dispatch.ProxyDispatchAdapter$DispatchingInvocationHandler.invoke(ProxyDispatchAdapter.java:94)
	at com.sun.proxy.$Proxy2.stop(Unknown Source)
	at org.gradle.api.internal.tasks.testing.worker.TestWorker$3.run(TestWorker.java:193)
	at org.gradle.api.internal.tasks.testing.worker.TestWorker.executeAndMaintainThreadName(TestWorker.java:129)
	at org.gradle.api.internal.tasks.testing.worker.TestWorker.execute(TestWorker.java:100)
	at org.gradle.api.internal.tasks.testing.worker.TestWorker.execute(TestWorker.java:60)
	at org.gradle.process.internal.worker.child.ActionExecutionWorker.execute(ActionExecutionWorker.java:56)
	at org.gradle.process.internal.worker.child.SystemApplicationClassLoaderWorker.call(SystemApplicationClassLoaderWorker.java:133)
	at org.gradle.process.internal.worker.child.SystemApplicationClassLoaderWorker.call(SystemApplicationClassLoaderWorker.java:71)
	at worker.org.gradle.process.internal.worker.GradleWorkerMain.run(GradleWorkerMain.java:69)
	at worker.org.gradle.process.internal.worker.GradleWorkerMain.main(GradleWorkerMain.java:74)
Caused by: org.openqa.selenium.TimeoutException: Expected condition failed: waiting for io.appium.java_client.pagefactory.AppiumElementLocator$WaitingFunction@3b97907c (tried for 1 second(s) with 500 milliseconds interval)
	at org.openqa.selenium.support.ui.FluentWait.timeoutException(FluentWait.java:266)
	at org.openqa.selenium.support.ui.FluentWait.until(FluentWait.java:234)
	at io.appium.java_client.pagefactory.AppiumElementLocator.waitFor(AppiumElementLocator.java:99)
	at io.appium.java_client.pagefactory.AppiumElementLocator.findElement(AppiumElementLocator.java:119)
	... 55 more
Caused by: org.openqa.selenium.NoSuchElementException: An element could not be located on the page using the given search parameters.
For documentation on this error, please visit: https://www.seleniumhq.org/exceptions/no_such_element.html
Build info: version: '4.0.0-alpha-1', revision: 'd1d3728cae', time: '2019-04-24T13:42:21'
System info: host: 'DESKTOP-KF54E9L', ip: '192.168.42.118', os.name: 'Windows 10', os.arch: 'amd64', os.version: '10.0', java.version: '1.8.0_321'
Driver info: io.appium.java_client.AppiumDriver
Capabilities {appActivity: .presentation.splashScreen...., appPackage: com.example.svetlana.scheduler, automationName: UiAutomator2, databaseEnabled: false, desired: {appActivity: .presentation.splashScreen...., appPackage: com.example.svetlana.scheduler, automationName: UiAutomator2, deviceName: R58N75HPY8E, platformName: android, platformVersion: 12}, deviceApiLevel: 31, deviceManufacturer: samsung, deviceModel: SM-N985F, deviceName: R58N75HPY8E, deviceScreenDensity: 420, deviceScreenSize: 1080x2316, deviceUDID: R58N75HPY8E, javascriptEnabled: true, locationContextEnabled: false, networkConnectionEnabled: true, pixelRatio: 2.625, platform: LINUX, platformName: Android, platformVersion: 12, statBarHeight: 67, takesScreenshot: true, viewportRect: {height: 2056, left: 0, top: 67, width: 1080}, warnings: {}, webStorageEnabled: false}
Session ID: 560fc166-0b81-4635-8d38-515dd9c0c60d
*** Element info: {Using=xpath, value=//*[@content-desc='Open']}
	at manager.MyListener.onException(MyListener.java:144)
	at sun.reflect.NativeMethodAccessorImpl.invoke0(Native Method)
	at sun.reflect.NativeMethodAccessorImpl.invoke(NativeMethodAccessorImpl.java:62)
	at sun.reflect.DelegatingMethodAccessorImpl.invoke(DelegatingMethodAccessorImpl.java:43)
	at java.lang.reflect.Method.invoke(Method.java:498)
	at io.appium.java_client.events.ListenerInvocationHandler.invoke(ListenerInvocationHandler.java:46)
	at com.sun.proxy.$Proxy38.onException(Unknown Source)
	at io.appium.java_client.events.DefaultListener.onException(DefaultListener.java:134)
	at io.appium.java_client.events.DefaultAspect.doAround(DefaultAspect.java:557)
	at sun.reflect.GeneratedMethodAccessor11.invoke(Unknown Source)
	at sun.reflect.DelegatingMethodAccessorImpl.invoke(DelegatingMethodAccessorImpl.java:43)
	at java.lang.reflect.Method.invoke(Method.java:498)
	at org.springframework.aop.aspectj.AbstractAspectJAdvice.invokeAdviceMethodWithGivenArgs(AbstractAspectJAdvice.java:644)
	at org.springframework.aop.aspectj.AbstractAspectJAdvice.invokeAdviceMethod(AbstractAspectJAdvice.java:633)
	at org.springframework.aop.aspectj.AspectJAroundAdvice.invoke(AspectJAroundAdvice.java:70)
	at org.springframework.aop.framework.ReflectiveMethodInvocation.proceed(ReflectiveMethodInvocation.java:186)
	at org.springframework.aop.aspectj.AspectJAfterAdvice.invoke(AspectJAfterAdvice.java:47)
	at org.springframework.aop.framework.ReflectiveMethodInvocation.proceed(ReflectiveMethodInvocation.java:186)
	at org.springframework.aop.interceptor.ExposeInvocationInterceptor.invoke(ExposeInvocationInterceptor.java:93)
	at org.springframework.aop.framework.ReflectiveMethodInvocation.proceed(ReflectiveMethodInvocation.java:186)
	at org.springframework.aop.framework.CglibAopProxy$DynamicAdvisedInterceptor.intercept(CglibAopProxy.java:688)
	at io.appium.java_client.AppiumDriver$$EnhancerBySpringCGLIB$$e6d4a597.findElement(&lt;generated&gt;)
	at io.appium.java_client.pagefactory.AppiumElementLocator.lambda$0(AppiumElementLocator.java:120)
	at io.appium.java_client.pagefactory.AppiumElementLocator$WaitingFunction.apply(AppiumElementLocator.java:172)
	at io.appium.java_client.pagefactory.AppiumElementLocator$WaitingFunction.apply(AppiumElementLocator.java:1)
	at org.openqa.selenium.support.ui.FluentWait.until(FluentWait.java:211)
	... 57 more
</failure>
  </testcase>
  <testcase name="registrationWrongPassLessSymbols" classname="tests.RegistrationTests" time="0.0">
    <skipped/>
  </testcase>
  <system-out><![CDATA[09:26:58  INFO  manager.Configuration - Method to be tested:->>registSuccess1
09:26:59  INFO  manager.MyListener - start search element by locator:->>By.xpath: //*[@resource-id='com.example.svetlana.scheduler:id/log_email_input']
09:27:00  INFO  manager.MyListener - There is a problem->>An element could not be located on the page using the given search parameters.
For documentation on this error, please visit: https://www.seleniumhq.org/exceptions/no_such_element.html
Build info: version: '4.0.0-alpha-1', revision: 'd1d3728cae', time: '2019-04-24T13:42:21'
System info: host: 'DESKTOP-KF54E9L', ip: '192.168.42.118', os.name: 'Windows 10', os.arch: 'amd64', os.version: '10.0', java.version: '1.8.0_321'
Driver info: io.appium.java_client.AppiumDriver
Capabilities {appActivity: .presentation.splashScreen...., appPackage: com.example.svetlana.scheduler, automationName: UiAutomator2, databaseEnabled: false, desired: {appActivity: .presentation.splashScreen...., appPackage: com.example.svetlana.scheduler, automationName: UiAutomator2, deviceName: R58N75HPY8E, platformName: android, platformVersion: 12}, deviceApiLevel: 31, deviceManufacturer: samsung, deviceModel: SM-N985F, deviceName: R58N75HPY8E, deviceScreenDensity: 420, deviceScreenSize: 1080x2316, deviceUDID: R58N75HPY8E, javascriptEnabled: true, locationContextEnabled: false, networkConnectionEnabled: true, pixelRatio: 2.625, platform: LINUX, platformName: Android, platformVersion: 12, statBarHeight: 67, takesScreenshot: true, viewportRect: {height: 2056, left: 0, top: 67, width: 1080}, warnings: {}, webStorageEnabled: false}
Session ID: 560fc166-0b81-4635-8d38-515dd9c0c60d
*** Element info: {Using=xpath, value=//*[@resource-id='com.example.svetlana.scheduler:id/log_email_input']}
09:27:00  INFO  manager.MyListener - We have a problem -->org.openqa.selenium.NoSuchElementException: An element could not be located on the page using the given search parameters.
For documentation on this error, please visit: https://www.seleniumhq.org/exceptions/no_such_element.html
Build info: version: '4.0.0-alpha-1', revision: 'd1d3728cae', time: '2019-04-24T13:42:21'
System info: host: 'DESKTOP-KF54E9L', ip: '192.168.42.118', os.name: 'Windows 10', os.arch: 'amd64', os.version: '10.0', java.version: '1.8.0_321'
Driver info: io.appium.java_client.AppiumDriver
Capabilities {appActivity: .presentation.splashScreen...., appPackage: com.example.svetlana.scheduler, automationName: UiAutomator2, databaseEnabled: false, desired: {appActivity: .presentation.splashScreen...., appPackage: com.example.svetlana.scheduler, automationName: UiAutomator2, deviceName: R58N75HPY8E, platformName: android, platformVersion: 12}, deviceApiLevel: 31, deviceManufacturer: samsung, deviceModel: SM-N985F, deviceName: R58N75HPY8E, deviceScreenDensity: 420, deviceScreenSize: 1080x2316, deviceUDID: R58N75HPY8E, javascriptEnabled: true, locationContextEnabled: false, networkConnectionEnabled: true, pixelRatio: 2.625, platform: LINUX, platformName: Android, platformVersion: 12, statBarHeight: 67, takesScreenshot: true, viewportRect: {height: 2056, left: 0, top: 67, width: 1080}, warnings: {}, webStorageEnabled: false}
Session ID: 560fc166-0b81-4635-8d38-515dd9c0c60d
*** Element info: {Using=xpath, value=//*[@resource-id='com.example.svetlana.scheduler:id/log_email_input']}
09:27:00  INFO  manager.MyListener - element with locator->>By.xpath: //*[@resource-id='com.example.svetlana.scheduler:id/log_email_input'] was found
09:27:01  INFO  manager.MyListener - start search element by locator:->>By.xpath: //*[@resource-id='com.example.svetlana.scheduler:id/log_email_input']
09:27:01  INFO  manager.MyListener - There is a problem->>An element could not be located on the page using the given search parameters.
For documentation on this error, please visit: https://www.seleniumhq.org/exceptions/no_such_element.html
Build info: version: '4.0.0-alpha-1', revision: 'd1d3728cae', time: '2019-04-24T13:42:21'
System info: host: 'DESKTOP-KF54E9L', ip: '192.168.42.118', os.name: 'Windows 10', os.arch: 'amd64', os.version: '10.0', java.version: '1.8.0_321'
Driver info: io.appium.java_client.AppiumDriver
Capabilities {appActivity: .presentation.splashScreen...., appPackage: com.example.svetlana.scheduler, automationName: UiAutomator2, databaseEnabled: false, desired: {appActivity: .presentation.splashScreen...., appPackage: com.example.svetlana.scheduler, automationName: UiAutomator2, deviceName: R58N75HPY8E, platformName: android, platformVersion: 12}, deviceApiLevel: 31, deviceManufacturer: samsung, deviceModel: SM-N985F, deviceName: R58N75HPY8E, deviceScreenDensity: 420, deviceScreenSize: 1080x2316, deviceUDID: R58N75HPY8E, javascriptEnabled: true, locationContextEnabled: false, networkConnectionEnabled: true, pixelRatio: 2.625, platform: LINUX, platformName: Android, platformVersion: 12, statBarHeight: 67, takesScreenshot: true, viewportRect: {height: 2056, left: 0, top: 67, width: 1080}, warnings: {}, webStorageEnabled: false}
Session ID: 560fc166-0b81-4635-8d38-515dd9c0c60d
*** Element info: {Using=xpath, value=//*[@resource-id='com.example.svetlana.scheduler:id/log_email_input']}
09:27:01  INFO  manager.MyListener - We have a problem -->org.openqa.selenium.NoSuchElementException: An element could not be located on the page using the given search parameters.
For documentation on this error, please visit: https://www.seleniumhq.org/exceptions/no_such_element.html
Build info: version: '4.0.0-alpha-1', revision: 'd1d3728cae', time: '2019-04-24T13:42:21'
System info: host: 'DESKTOP-KF54E9L', ip: '192.168.42.118', os.name: 'Windows 10', os.arch: 'amd64', os.version: '10.0', java.version: '1.8.0_321'
Driver info: io.appium.java_client.AppiumDriver
Capabilities {appActivity: .presentation.splashScreen...., appPackage: com.example.svetlana.scheduler, automationName: UiAutomator2, databaseEnabled: false, desired: {appActivity: .presentation.splashScreen...., appPackage: com.example.svetlana.scheduler, automationName: UiAutomator2, deviceName: R58N75HPY8E, platformName: android, platformVersion: 12}, deviceApiLevel: 31, deviceManufacturer: samsung, deviceModel: SM-N985F, deviceName: R58N75HPY8E, deviceScreenDensity: 420, deviceScreenSize: 1080x2316, deviceUDID: R58N75HPY8E, javascriptEnabled: true, locationContextEnabled: false, networkConnectionEnabled: true, pixelRatio: 2.625, platform: LINUX, platformName: Android, platformVersion: 12, statBarHeight: 67, takesScreenshot: true, viewportRect: {height: 2056, left: 0, top: 67, width: 1080}, warnings: {}, webStorageEnabled: false}
Session ID: 560fc166-0b81-4635-8d38-515dd9c0c60d
*** Element info: {Using=xpath, value=//*[@resource-id='com.example.svetlana.scheduler:id/log_email_input']}
09:27:01  INFO  manager.MyListener - element with locator->>By.xpath: //*[@resource-id='com.example.svetlana.scheduler:id/log_email_input'] was found
09:27:02  INFO  manager.MyListener - start search element by locator:->>By.xpath: //*[@resource-id='com.example.svetlana.scheduler:id/log_email_input']
09:27:02  INFO  manager.MyListener - There is a problem->>An element could not be located on the page using the given search parameters.
For documentation on this error, please visit: https://www.seleniumhq.org/exceptions/no_such_element.html
Build info: version: '4.0.0-alpha-1', revision: 'd1d3728cae', time: '2019-04-24T13:42:21'
System info: host: 'DESKTOP-KF54E9L', ip: '192.168.42.118', os.name: 'Windows 10', os.arch: 'amd64', os.version: '10.0', java.version: '1.8.0_321'
Driver info: io.appium.java_client.AppiumDriver
Capabilities {appActivity: .presentation.splashScreen...., appPackage: com.example.svetlana.scheduler, automationName: UiAutomator2, databaseEnabled: false, desired: {appActivity: .presentation.splashScreen...., appPackage: com.example.svetlana.scheduler, automationName: UiAutomator2, deviceName: R58N75HPY8E, platformName: android, platformVersion: 12}, deviceApiLevel: 31, deviceManufacturer: samsung, deviceModel: SM-N985F, deviceName: R58N75HPY8E, deviceScreenDensity: 420, deviceScreenSize: 1080x2316, deviceUDID: R58N75HPY8E, javascriptEnabled: true, locationContextEnabled: false, networkConnectionEnabled: true, pixelRatio: 2.625, platform: LINUX, platformName: Android, platformVersion: 12, statBarHeight: 67, takesScreenshot: true, viewportRect: {height: 2056, left: 0, top: 67, width: 1080}, warnings: {}, webStorageEnabled: false}
Session ID: 560fc166-0b81-4635-8d38-515dd9c0c60d
*** Element info: {Using=xpath, value=//*[@resource-id='com.example.svetlana.scheduler:id/log_email_input']}
09:27:02  INFO  manager.MyListener - We have a problem -->org.openqa.selenium.NoSuchElementException: An element could not be located on the page using the given search parameters.
For documentation on this error, please visit: https://www.seleniumhq.org/exceptions/no_such_element.html
Build info: version: '4.0.0-alpha-1', revision: 'd1d3728cae', time: '2019-04-24T13:42:21'
System info: host: 'DESKTOP-KF54E9L', ip: '192.168.42.118', os.name: 'Windows 10', os.arch: 'amd64', os.version: '10.0', java.version: '1.8.0_321'
Driver info: io.appium.java_client.AppiumDriver
Capabilities {appActivity: .presentation.splashScreen...., appPackage: com.example.svetlana.scheduler, automationName: UiAutomator2, databaseEnabled: false, desired: {appActivity: .presentation.splashScreen...., appPackage: com.example.svetlana.scheduler, automationName: UiAutomator2, deviceName: R58N75HPY8E, platformName: android, platformVersion: 12}, deviceApiLevel: 31, deviceManufacturer: samsung, deviceModel: SM-N985F, deviceName: R58N75HPY8E, deviceScreenDensity: 420, deviceScreenSize: 1080x2316, deviceUDID: R58N75HPY8E, javascriptEnabled: true, locationContextEnabled: false, networkConnectionEnabled: true, pixelRatio: 2.625, platform: LINUX, platformName: Android, platformVersion: 12, statBarHeight: 67, takesScreenshot: true, viewportRect: {height: 2056, left: 0, top: 67, width: 1080}, warnings: {}, webStorageEnabled: false}
Session ID: 560fc166-0b81-4635-8d38-515dd9c0c60d
*** Element info: {Using=xpath, value=//*[@resource-id='com.example.svetlana.scheduler:id/log_email_input']}
09:27:03  INFO  manager.MyListener - element with locator->>By.xpath: //*[@resource-id='com.example.svetlana.scheduler:id/log_email_input'] was found
09:27:03  INFO  manager.MyListener - start search element by locator:->>By.xpath: //*[@resource-id='com.example.svetlana.scheduler:id/log_email_input']
09:27:03  INFO  manager.MyListener - There is a problem->>An element could not be located on the page using the given search parameters.
For documentation on this error, please visit: https://www.seleniumhq.org/exceptions/no_such_element.html
Build info: version: '4.0.0-alpha-1', revision: 'd1d3728cae', time: '2019-04-24T13:42:21'
System info: host: 'DESKTOP-KF54E9L', ip: '192.168.42.118', os.name: 'Windows 10', os.arch: 'amd64', os.version: '10.0', java.version: '1.8.0_321'
Driver info: io.appium.java_client.AppiumDriver
Capabilities {appActivity: .presentation.splashScreen...., appPackage: com.example.svetlana.scheduler, automationName: UiAutomator2, databaseEnabled: false, desired: {appActivity: .presentation.splashScreen...., appPackage: com.example.svetlana.scheduler, automationName: UiAutomator2, deviceName: R58N75HPY8E, platformName: android, platformVersion: 12}, deviceApiLevel: 31, deviceManufacturer: samsung, deviceModel: SM-N985F, deviceName: R58N75HPY8E, deviceScreenDensity: 420, deviceScreenSize: 1080x2316, deviceUDID: R58N75HPY8E, javascriptEnabled: true, locationContextEnabled: false, networkConnectionEnabled: true, pixelRatio: 2.625, platform: LINUX, platformName: Android, platformVersion: 12, statBarHeight: 67, takesScreenshot: true, viewportRect: {height: 2056, left: 0, top: 67, width: 1080}, warnings: {}, webStorageEnabled: false}
Session ID: 560fc166-0b81-4635-8d38-515dd9c0c60d
*** Element info: {Using=xpath, value=//*[@resource-id='com.example.svetlana.scheduler:id/log_email_input']}
09:27:03  INFO  manager.MyListener - We have a problem -->org.openqa.selenium.NoSuchElementException: An element could not be located on the page using the given search parameters.
For documentation on this error, please visit: https://www.seleniumhq.org/exceptions/no_such_element.html
Build info: version: '4.0.0-alpha-1', revision: 'd1d3728cae', time: '2019-04-24T13:42:21'
System info: host: 'DESKTOP-KF54E9L', ip: '192.168.42.118', os.name: 'Windows 10', os.arch: 'amd64', os.version: '10.0', java.version: '1.8.0_321'
Driver info: io.appium.java_client.AppiumDriver
Capabilities {appActivity: .presentation.splashScreen...., appPackage: com.example.svetlana.scheduler, automationName: UiAutomator2, databaseEnabled: false, desired: {appActivity: .presentation.splashScreen...., appPackage: com.example.svetlana.scheduler, automationName: UiAutomator2, deviceName: R58N75HPY8E, platformName: android, platformVersion: 12}, deviceApiLevel: 31, deviceManufacturer: samsung, deviceModel: SM-N985F, deviceName: R58N75HPY8E, deviceScreenDensity: 420, deviceScreenSize: 1080x2316, deviceUDID: R58N75HPY8E, javascriptEnabled: true, locationContextEnabled: false, networkConnectionEnabled: true, pixelRatio: 2.625, platform: LINUX, platformName: Android, platformVersion: 12, statBarHeight: 67, takesScreenshot: true, viewportRect: {height: 2056, left: 0, top: 67, width: 1080}, warnings: {}, webStorageEnabled: false}
Session ID: 560fc166-0b81-4635-8d38-515dd9c0c60d
*** Element info: {Using=xpath, value=//*[@resource-id='com.example.svetlana.scheduler:id/log_email_input']}
09:27:04  INFO  manager.MyListener - element with locator->>By.xpath: //*[@resource-id='com.example.svetlana.scheduler:id/log_email_input'] was found
09:27:04  INFO  manager.MyListener - start search element by locator:->>By.xpath: //*[@resource-id='com.example.svetlana.scheduler:id/log_email_input']
09:27:06  INFO  manager.MyListener - There is a problem->>An element could not be located on the page using the given search parameters.
For documentation on this error, please visit: https://www.seleniumhq.org/exceptions/no_such_element.html
Build info: version: '4.0.0-alpha-1', revision: 'd1d3728cae', time: '2019-04-24T13:42:21'
System info: host: 'DESKTOP-KF54E9L', ip: '192.168.42.118', os.name: 'Windows 10', os.arch: 'amd64', os.version: '10.0', java.version: '1.8.0_321'
Driver info: io.appium.java_client.AppiumDriver
Capabilities {appActivity: .presentation.splashScreen...., appPackage: com.example.svetlana.scheduler, automationName: UiAutomator2, databaseEnabled: false, desired: {appActivity: .presentation.splashScreen...., appPackage: com.example.svetlana.scheduler, automationName: UiAutomator2, deviceName: R58N75HPY8E, platformName: android, platformVersion: 12}, deviceApiLevel: 31, deviceManufacturer: samsung, deviceModel: SM-N985F, deviceName: R58N75HPY8E, deviceScreenDensity: 420, deviceScreenSize: 1080x2316, deviceUDID: R58N75HPY8E, javascriptEnabled: true, locationContextEnabled: false, networkConnectionEnabled: true, pixelRatio: 2.625, platform: LINUX, platformName: Android, platformVersion: 12, statBarHeight: 67, takesScreenshot: true, viewportRect: {height: 2056, left: 0, top: 67, width: 1080}, warnings: {}, webStorageEnabled: false}
Session ID: 560fc166-0b81-4635-8d38-515dd9c0c60d
*** Element info: {Using=xpath, value=//*[@resource-id='com.example.svetlana.scheduler:id/log_email_input']}
09:27:06  INFO  manager.MyListener - We have a problem -->org.openqa.selenium.NoSuchElementException: An element could not be located on the page using the given search parameters.
For documentation on this error, please visit: https://www.seleniumhq.org/exceptions/no_such_element.html
Build info: version: '4.0.0-alpha-1', revision: 'd1d3728cae', time: '2019-04-24T13:42:21'
System info: host: 'DESKTOP-KF54E9L', ip: '192.168.42.118', os.name: 'Windows 10', os.arch: 'amd64', os.version: '10.0', java.version: '1.8.0_321'
Driver info: io.appium.java_client.AppiumDriver
Capabilities {appActivity: .presentation.splashScreen...., appPackage: com.example.svetlana.scheduler, automationName: UiAutomator2, databaseEnabled: false, desired: {appActivity: .presentation.splashScreen...., appPackage: com.example.svetlana.scheduler, automationName: UiAutomator2, deviceName: R58N75HPY8E, platformName: android, platformVersion: 12}, deviceApiLevel: 31, deviceManufacturer: samsung, deviceModel: SM-N985F, deviceName: R58N75HPY8E, deviceScreenDensity: 420, deviceScreenSize: 1080x2316, deviceUDID: R58N75HPY8E, javascriptEnabled: true, locationContextEnabled: false, networkConnectionEnabled: true, pixelRatio: 2.625, platform: LINUX, platformName: Android, platformVersion: 12, statBarHeight: 67, takesScreenshot: true, viewportRect: {height: 2056, left: 0, top: 67, width: 1080}, warnings: {}, webStorageEnabled: false}
Session ID: 560fc166-0b81-4635-8d38-515dd9c0c60d
*** Element info: {Using=xpath, value=//*[@resource-id='com.example.svetlana.scheduler:id/log_email_input']}
09:27:09  INFO  manager.MyListener - element with locator->>By.xpath: //*[@resource-id='com.example.svetlana.scheduler:id/log_email_input'] was found
09:27:09  INFO  manager.MyListener - start search element by locator:->>By.xpath: //*[@resource-id='com.example.svetlana.scheduler:id/log_email_input']
09:27:10  INFO  manager.MyListener - element with locator->>By.xpath: //*[@resource-id='com.example.svetlana.scheduler:id/log_email_input'] was found
09:27:11  INFO  manager.MyListener - start search element by locator:->>By.xpath: //*[@resource-id='com.example.svetlana.scheduler:id/log_email_input']
09:27:11  INFO  manager.MyListener - element with locator->>By.xpath: //*[@resource-id='com.example.svetlana.scheduler:id/log_email_input'] was found
09:27:11  INFO  manager.MyListener - start search element by locator:->>By.xpath: //*[@resource-id='com.example.svetlana.scheduler:id/log_email_input']
09:27:13  INFO  manager.MyListener - element with locator->>By.xpath: //*[@resource-id='com.example.svetlana.scheduler:id/log_email_input'] was found
09:27:13  INFO  manager.MyListener - start search element by locator:->>By.xpath: //*[@resource-id='com.example.svetlana.scheduler:id/log_email_input']
09:27:14  INFO  manager.MyListener - element with locator->>By.xpath: //*[@resource-id='com.example.svetlana.scheduler:id/log_email_input'] was found
09:27:15  INFO  manager.MyListener - start search element by locator:->>By.xpath: //*[@resource-id='com.example.svetlana.scheduler:id/log_password_input']
09:27:16  INFO  manager.MyListener - element with locator->>By.xpath: //*[@resource-id='com.example.svetlana.scheduler:id/log_password_input'] was found
09:27:17  INFO  manager.MyListener - start search element by locator:->>By.xpath: //*[@resource-id='com.example.svetlana.scheduler:id/log_password_input']
09:27:17  INFO  manager.MyListener - element with locator->>By.xpath: //*[@resource-id='com.example.svetlana.scheduler:id/log_password_input'] was found
09:27:18  INFO  manager.MyListener - start search element by locator:->>By.xpath: //*[@resource-id='com.example.svetlana.scheduler:id/log_password_input']
09:27:18  INFO  manager.MyListener - element with locator->>By.xpath: //*[@resource-id='com.example.svetlana.scheduler:id/log_password_input'] was found
09:27:20  INFO  manager.MyListener - start search element by locator:->>By.xpath: //*[@resource-id='com.example.svetlana.scheduler:id/login_btn']
09:27:20  INFO  manager.MyListener - element with locator->>By.xpath: //*[@resource-id='com.example.svetlana.scheduler:id/login_btn'] was found
09:27:23  INFO  manager.MyListener - start search element by locator:->>By.xpath: //*[@resource-id='com.example.svetlana.scheduler:id/wizard_settings_skip']
09:27:23  INFO  manager.MyListener - element with locator->>By.xpath: //*[@resource-id='com.example.svetlana.scheduler:id/wizard_settings_skip'] was found
09:27:23  INFO  manager.MyListener - start search element by locator:->>By.xpath: //*[@resource-id='com.example.svetlana.scheduler:id/wizard_settings_skip']
09:27:23  INFO  manager.MyListener - element with locator->>By.xpath: //*[@resource-id='com.example.svetlana.scheduler:id/wizard_settings_skip'] was found
09:27:25  INFO  manager.MyListener - start search element by locator:->>By.xpath: //*[@resource-id='com.example.svetlana.scheduler:id/fab_main']
09:27:25  INFO  manager.MyListener - element with locator->>By.xpath: //*[@resource-id='com.example.svetlana.scheduler:id/fab_main'] was found
09:27:25  INFO  manager.MyListener - start search element by locator:->>By.xpath: //*[@resource-id='com.example.svetlana.scheduler:id/fab_main']
09:27:25  INFO  manager.MyListener - element with locator->>By.xpath: //*[@resource-id='com.example.svetlana.scheduler:id/fab_main'] was found
09:27:26  INFO  manager.MyListener - start search element by locator:->>By.xpath: //*[@content-desc='Open']
09:27:26  INFO  manager.MyListener - element with locator->>By.xpath: //*[@content-desc='Open'] was found
09:27:26  INFO  manager.MyListener - start search element by locator:->>By.xpath: //*[@resource-id='com.example.svetlana.scheduler:id/nav_fr_logout_container']
09:27:27  INFO  manager.MyListener - element with locator->>By.xpath: //*[@resource-id='com.example.svetlana.scheduler:id/nav_fr_logout_container'] was found
09:27:27  INFO  manager.Configuration - Test named:->>registSuccess1 finished
09:27:27  INFO  manager.Configuration - Method to be tested:->>registSuccess2
09:27:27  INFO  manager.MyListener - start search element by locator:->>By.xpath: //*[@resource-id='com.example.svetlana.scheduler:id/log_email_input']
09:27:29  INFO  manager.MyListener - element with locator->>By.xpath: //*[@resource-id='com.example.svetlana.scheduler:id/log_email_input'] was found
09:27:29  INFO  manager.MyListener - start search element by locator:->>By.xpath: //*[@resource-id='com.example.svetlana.scheduler:id/log_email_input']
09:27:29  INFO  manager.MyListener - element with locator->>By.xpath: //*[@resource-id='com.example.svetlana.scheduler:id/log_email_input'] was found
09:27:31  INFO  manager.MyListener - start search element by locator:->>By.xpath: //*[@resource-id='com.example.svetlana.scheduler:id/log_email_input']
09:27:31  INFO  manager.MyListener - element with locator->>By.xpath: //*[@resource-id='com.example.svetlana.scheduler:id/log_email_input'] was found
09:27:31  INFO  manager.MyListener - start search element by locator:->>By.xpath: //*[@resource-id='com.example.svetlana.scheduler:id/log_email_input']
09:27:32  INFO  manager.MyListener - element with locator->>By.xpath: //*[@resource-id='com.example.svetlana.scheduler:id/log_email_input'] was found
09:27:33  INFO  manager.MyListener - start search element by locator:->>By.xpath: //*[@resource-id='com.example.svetlana.scheduler:id/log_password_input']
09:27:34  INFO  manager.MyListener - element with locator->>By.xpath: //*[@resource-id='com.example.svetlana.scheduler:id/log_password_input'] was found
09:27:35  INFO  manager.MyListener - start search element by locator:->>By.xpath: //*[@resource-id='com.example.svetlana.scheduler:id/log_password_input']
09:27:35  INFO  manager.MyListener - element with locator->>By.xpath: //*[@resource-id='com.example.svetlana.scheduler:id/log_password_input'] was found
09:27:36  INFO  manager.MyListener - start search element by locator:->>By.xpath: //*[@resource-id='com.example.svetlana.scheduler:id/log_password_input']
09:27:36  INFO  manager.MyListener - element with locator->>By.xpath: //*[@resource-id='com.example.svetlana.scheduler:id/log_password_input'] was found
09:27:38  INFO  manager.MyListener - start search element by locator:->>By.xpath: //*[@resource-id='com.example.svetlana.scheduler:id/login_btn']
09:27:38  INFO  manager.MyListener - element with locator->>By.xpath: //*[@resource-id='com.example.svetlana.scheduler:id/login_btn'] was found
09:27:39  INFO  manager.MyListener - start search element by locator:->>By.xpath: //*[@resource-id='com.example.svetlana.scheduler:id/wizard_settings_skip']
09:27:40  INFO  manager.MyListener - element with locator->>By.xpath: //*[@resource-id='com.example.svetlana.scheduler:id/wizard_settings_skip'] was found
09:27:40  INFO  manager.MyListener - start search element by locator:->>By.xpath: //*[@resource-id='com.example.svetlana.scheduler:id/wizard_settings_skip']
09:27:40  INFO  manager.MyListener - element with locator->>By.xpath: //*[@resource-id='com.example.svetlana.scheduler:id/wizard_settings_skip'] was found
09:27:41  INFO  manager.MyListener - start search element by locator:->>By.xpath: //*[@resource-id='com.example.svetlana.scheduler:id/fab_main']
09:27:41  INFO  manager.MyListener - element with locator->>By.xpath: //*[@resource-id='com.example.svetlana.scheduler:id/fab_main'] was found
09:27:41  INFO  manager.MyListener - start search element by locator:->>By.xpath: //*[@resource-id='com.example.svetlana.scheduler:id/fab_main']
09:27:41  INFO  manager.MyListener - element with locator->>By.xpath: //*[@resource-id='com.example.svetlana.scheduler:id/fab_main'] was found
09:27:41  INFO  manager.MyListener - start search element by locator:->>By.xpath: //*[@content-desc='Open']
09:27:42  INFO  manager.MyListener - element with locator->>By.xpath: //*[@content-desc='Open'] was found
09:27:42  INFO  manager.MyListener - start search element by locator:->>By.xpath: //*[@resource-id='com.example.svetlana.scheduler:id/nav_fr_logout_container']
09:27:43  INFO  manager.MyListener - element with locator->>By.xpath: //*[@resource-id='com.example.svetlana.scheduler:id/nav_fr_logout_container'] was found
09:27:44  INFO  manager.Configuration - Test named:->>registSuccess2 finished
09:27:44  INFO  manager.Configuration - Method to be tested:->>registrationNotSkip
09:27:44  INFO  manager.MyListener - start search element by locator:->>By.xpath: //*[@resource-id='com.example.svetlana.scheduler:id/log_email_input']
09:27:45  INFO  manager.MyListener - element with locator->>By.xpath: //*[@resource-id='com.example.svetlana.scheduler:id/log_email_input'] was found
09:27:45  INFO  manager.MyListener - start search element by locator:->>By.xpath: //*[@resource-id='com.example.svetlana.scheduler:id/log_email_input']
09:27:45  INFO  manager.MyListener - element with locator->>By.xpath: //*[@resource-id='com.example.svetlana.scheduler:id/log_email_input'] was found
09:27:46  INFO  manager.MyListener - start search element by locator:->>By.xpath: //*[@resource-id='com.example.svetlana.scheduler:id/log_email_input']
09:27:46  INFO  manager.MyListener - element with locator->>By.xpath: //*[@resource-id='com.example.svetlana.scheduler:id/log_email_input'] was found
09:27:46  INFO  manager.MyListener - start search element by locator:->>By.xpath: //*[@resource-id='com.example.svetlana.scheduler:id/log_email_input']
09:27:47  INFO  manager.MyListener - element with locator->>By.xpath: //*[@resource-id='com.example.svetlana.scheduler:id/log_email_input'] was found
09:27:48  INFO  manager.MyListener - start search element by locator:->>By.xpath: //*[@resource-id='com.example.svetlana.scheduler:id/log_password_input']
09:27:48  INFO  manager.MyListener - element with locator->>By.xpath: //*[@resource-id='com.example.svetlana.scheduler:id/log_password_input'] was found
09:27:49  INFO  manager.MyListener - start search element by locator:->>By.xpath: //*[@resource-id='com.example.svetlana.scheduler:id/log_password_input']
09:27:49  INFO  manager.MyListener - element with locator->>By.xpath: //*[@resource-id='com.example.svetlana.scheduler:id/log_password_input'] was found
09:27:49  INFO  manager.MyListener - start search element by locator:->>By.xpath: //*[@resource-id='com.example.svetlana.scheduler:id/log_password_input']
09:27:50  INFO  manager.MyListener - element with locator->>By.xpath: //*[@resource-id='com.example.svetlana.scheduler:id/log_password_input'] was found
09:27:52  INFO  manager.MyListener - start search element by locator:->>By.xpath: //*[@resource-id='com.example.svetlana.scheduler:id/login_btn']
09:27:52  INFO  manager.MyListener - element with locator->>By.xpath: //*[@resource-id='com.example.svetlana.scheduler:id/login_btn'] was found
09:27:53  INFO  manager.MyListener - start search element by locator:->>By.xpath: //*[@resource-id='com.example.svetlana.scheduler:id/wizard_settings_skip']
09:27:53  INFO  manager.MyListener - element with locator->>By.xpath: //*[@resource-id='com.example.svetlana.scheduler:id/wizard_settings_skip'] was found
09:27:53  INFO  manager.MyListener - start search element by locator:->>By.xpath: //*[@resource-id='com.example.svetlana.scheduler:id/wizard_settings_currency_arrow']
09:27:54  INFO  manager.MyListener - element with locator->>By.xpath: //*[@resource-id='com.example.svetlana.scheduler:id/wizard_settings_currency_arrow'] was found
09:27:55  INFO  manager.MyListener - start search element by locator:->>By.xpath: //*[@resource-id='com.example.svetlana.scheduler:id/currency_row_title']
09:27:56  INFO  manager.MyListener - element with locator->>By.xpath: //*[@resource-id='com.example.svetlana.scheduler:id/currency_row_title'] was found
09:27:59  INFO  manager.MyListener - start search element by locator:->>By.xpath: //*[@resource-id='com.example.svetlana.scheduler:id/currency_row_title']
09:28:01  INFO  manager.MyListener - element with locator->>By.xpath: //*[@resource-id='com.example.svetlana.scheduler:id/currency_row_title'] was found
09:28:04  INFO  manager.MyListener - start search element by locator:->>By.xpath: //*[@resource-id='com.example.svetlana.scheduler:id/wizard_settings_wage_res']
09:28:04  INFO  manager.MyListener - element with locator->>By.xpath: //*[@resource-id='com.example.svetlana.scheduler:id/wizard_settings_wage_res'] was found
09:28:04  INFO  manager.MyListener - start search element by locator:->>By.xpath: //*[@resource-id='com.example.svetlana.scheduler:id/wizard_settings_wage_arrow']
09:28:04  INFO  manager.MyListener - element with locator->>By.xpath: //*[@resource-id='com.example.svetlana.scheduler:id/wizard_settings_wage_arrow'] was found
09:28:05  INFO  manager.MyListener - start search element by locator:->>By.xpath: //*[@resource-id='com.example.svetlana.scheduler:id/wage_dialog_input']
09:28:05  INFO  manager.MyListener - element with locator->>By.xpath: //*[@resource-id='com.example.svetlana.scheduler:id/wage_dialog_input'] was found
09:28:05  INFO  manager.MyListener - start search element by locator:->>By.xpath: //*[@resource-id='com.example.svetlana.scheduler:id/wage_dialog_input']
09:28:06  INFO  manager.MyListener - element with locator->>By.xpath: //*[@resource-id='com.example.svetlana.scheduler:id/wage_dialog_input'] was found
09:28:06  INFO  manager.MyListener - start search element by locator:->>By.xpath: //*[@resource-id='com.example.svetlana.scheduler:id/wage_dialog_input']
09:28:07  INFO  manager.MyListener - element with locator->>By.xpath: //*[@resource-id='com.example.svetlana.scheduler:id/wage_dialog_input'] was found
09:28:07  INFO  manager.MyListener - start search element by locator:->>By.xpath: //*[@resource-id='com.example.svetlana.scheduler:id/wage_dialog_ok_btn']
09:28:08  INFO  manager.MyListener - element with locator->>By.xpath: //*[@resource-id='com.example.svetlana.scheduler:id/wage_dialog_ok_btn'] was found
09:28:08  INFO  manager.MyListener - start search element by locator:->>By.xpath: //*[@resource-id='com.example.svetlana.scheduler:id/wizard_settings_next']
09:28:09  INFO  manager.MyListener - element with locator->>By.xpath: //*[@resource-id='com.example.svetlana.scheduler:id/wizard_settings_next'] was found
09:28:10  INFO  manager.MyListener - start search element by locator:->>By.xpath: //*[@resource-id='com.example.svetlana.scheduler:id/fab_main']
09:28:10  INFO  manager.MyListener - element with locator->>By.xpath: //*[@resource-id='com.example.svetlana.scheduler:id/fab_main'] was found
09:28:10  INFO  manager.MyListener - start search element by locator:->>By.xpath: //*[@resource-id='com.example.svetlana.scheduler:id/fab_main']
09:28:10  INFO  manager.MyListener - element with locator->>By.xpath: //*[@resource-id='com.example.svetlana.scheduler:id/fab_main'] was found
09:28:11  INFO  manager.MyListener - start search element by locator:->>By.xpath: //*[@content-desc='Open']
09:28:11  INFO  manager.MyListener - element with locator->>By.xpath: //*[@content-desc='Open'] was found
09:28:11  INFO  manager.MyListener - start search element by locator:->>By.xpath: //*[@resource-id='com.example.svetlana.scheduler:id/nav_fr_logout_container']
09:28:12  INFO  manager.MyListener - element with locator->>By.xpath: //*[@resource-id='com.example.svetlana.scheduler:id/nav_fr_logout_container'] was found
09:28:12  INFO  manager.Configuration - Test named:->>registrationNotSkip finished
09:28:12  INFO  manager.Configuration - Method to be tested:->>registrationWrongEmail
09:28:12  INFO  manager.MyListener - start search element by locator:->>By.xpath: //*[@resource-id='com.example.svetlana.scheduler:id/log_email_input']
09:28:13  INFO  manager.MyListener - element with locator->>By.xpath: //*[@resource-id='com.example.svetlana.scheduler:id/log_email_input'] was found
09:28:13  INFO  manager.MyListener - start search element by locator:->>By.xpath: //*[@resource-id='com.example.svetlana.scheduler:id/log_email_input']
09:28:14  INFO  manager.MyListener - element with locator->>By.xpath: //*[@resource-id='com.example.svetlana.scheduler:id/log_email_input'] was found
09:28:15  INFO  manager.MyListener - start search element by locator:->>By.xpath: //*[@resource-id='com.example.svetlana.scheduler:id/log_email_input']
09:28:15  INFO  manager.MyListener - element with locator->>By.xpath: //*[@resource-id='com.example.svetlana.scheduler:id/log_email_input'] was found
09:28:15  INFO  manager.MyListener - start search element by locator:->>By.xpath: //*[@resource-id='com.example.svetlana.scheduler:id/log_email_input']
09:28:16  INFO  manager.MyListener - element with locator->>By.xpath: //*[@resource-id='com.example.svetlana.scheduler:id/log_email_input'] was found
09:28:17  INFO  manager.MyListener - start search element by locator:->>By.xpath: //*[@resource-id='com.example.svetlana.scheduler:id/log_password_input']
09:28:17  INFO  manager.MyListener - element with locator->>By.xpath: //*[@resource-id='com.example.svetlana.scheduler:id/log_password_input'] was found
09:28:18  INFO  manager.MyListener - start search element by locator:->>By.xpath: //*[@resource-id='com.example.svetlana.scheduler:id/log_password_input']
09:28:18  INFO  manager.MyListener - element with locator->>By.xpath: //*[@resource-id='com.example.svetlana.scheduler:id/log_password_input'] was found
09:28:18  INFO  manager.MyListener - start search element by locator:->>By.xpath: //*[@resource-id='com.example.svetlana.scheduler:id/log_password_input']
09:28:19  INFO  manager.MyListener - element with locator->>By.xpath: //*[@resource-id='com.example.svetlana.scheduler:id/log_password_input'] was found
09:28:21  INFO  manager.MyListener - start search element by locator:->>By.xpath: //*[@resource-id='com.example.svetlana.scheduler:id/login_btn']
09:28:21  INFO  manager.MyListener - element with locator->>By.xpath: //*[@resource-id='com.example.svetlana.scheduler:id/login_btn'] was found
09:28:22  INFO  manager.MyListener - start search element by locator:->>By.xpath: //*[@resource-id='com.example.svetlana.scheduler:id/log_email_input']
09:28:22  INFO  manager.MyListener - element with locator->>By.xpath: //*[@resource-id='com.example.svetlana.scheduler:id/log_email_input'] was found
09:28:23  INFO  manager.MyListener - start search element by locator:->>By.xpath: //*[@resource-id='com.example.svetlana.scheduler:id/login_btn']
09:28:23  INFO  manager.MyListener - element with locator->>By.xpath: //*[@resource-id='com.example.svetlana.scheduler:id/login_btn'] was found
09:28:24  INFO  manager.Configuration - Put attention on the appeared message!!! 'Check . in email' 
09:28:24  INFO  manager.MyListener - start search element by locator:->>By.xpath: //*[@content-desc='Open']
09:28:24  INFO  manager.MyListener - There is a problem->>An element could not be located on the page using the given search parameters.
For documentation on this error, please visit: https://www.seleniumhq.org/exceptions/no_such_element.html
Build info: version: '4.0.0-alpha-1', revision: 'd1d3728cae', time: '2019-04-24T13:42:21'
System info: host: 'DESKTOP-KF54E9L', ip: '192.168.42.118', os.name: 'Windows 10', os.arch: 'amd64', os.version: '10.0', java.version: '1.8.0_321'
Driver info: io.appium.java_client.AppiumDriver
Capabilities {appActivity: .presentation.splashScreen...., appPackage: com.example.svetlana.scheduler, automationName: UiAutomator2, databaseEnabled: false, desired: {appActivity: .presentation.splashScreen...., appPackage: com.example.svetlana.scheduler, automationName: UiAutomator2, deviceName: R58N75HPY8E, platformName: android, platformVersion: 12}, deviceApiLevel: 31, deviceManufacturer: samsung, deviceModel: SM-N985F, deviceName: R58N75HPY8E, deviceScreenDensity: 420, deviceScreenSize: 1080x2316, deviceUDID: R58N75HPY8E, javascriptEnabled: true, locationContextEnabled: false, networkConnectionEnabled: true, pixelRatio: 2.625, platform: LINUX, platformName: Android, platformVersion: 12, statBarHeight: 67, takesScreenshot: true, viewportRect: {height: 2056, left: 0, top: 67, width: 1080}, warnings: {}, webStorageEnabled: false}
Session ID: 560fc166-0b81-4635-8d38-515dd9c0c60d
*** Element info: {Using=xpath, value=//*[@content-desc='Open']}
09:28:24  INFO  manager.MyListener - We have a problem -->org.openqa.selenium.NoSuchElementException: An element could not be located on the page using the given search parameters.
For documentation on this error, please visit: https://www.seleniumhq.org/exceptions/no_such_element.html
Build info: version: '4.0.0-alpha-1', revision: 'd1d3728cae', time: '2019-04-24T13:42:21'
System info: host: 'DESKTOP-KF54E9L', ip: '192.168.42.118', os.name: 'Windows 10', os.arch: 'amd64', os.version: '10.0', java.version: '1.8.0_321'
Driver info: io.appium.java_client.AppiumDriver
Capabilities {appActivity: .presentation.splashScreen...., appPackage: com.example.svetlana.scheduler, automationName: UiAutomator2, databaseEnabled: false, desired: {appActivity: .presentation.splashScreen...., appPackage: com.example.svetlana.scheduler, automationName: UiAutomator2, deviceName: R58N75HPY8E, platformName: android, platformVersion: 12}, deviceApiLevel: 31, deviceManufacturer: samsung, deviceModel: SM-N985F, deviceName: R58N75HPY8E, deviceScreenDensity: 420, deviceScreenSize: 1080x2316, deviceUDID: R58N75HPY8E, javascriptEnabled: true, locationContextEnabled: false, networkConnectionEnabled: true, pixelRatio: 2.625, platform: LINUX, platformName: Android, platformVersion: 12, statBarHeight: 67, takesScreenshot: true, viewportRect: {height: 2056, left: 0, top: 67, width: 1080}, warnings: {}, webStorageEnabled: false}
Session ID: 560fc166-0b81-4635-8d38-515dd9c0c60d
*** Element info: {Using=xpath, value=//*[@content-desc='Open']}
09:28:24  INFO  manager.MyListener - element with locator->>By.xpath: //*[@content-desc='Open'] was found
09:28:25  INFO  manager.MyListener - start search element by locator:->>By.xpath: //*[@content-desc='Open']
09:28:25  INFO  manager.MyListener - There is a problem->>An element could not be located on the page using the given search parameters.
For documentation on this error, please visit: https://www.seleniumhq.org/exceptions/no_such_element.html
Build info: version: '4.0.0-alpha-1', revision: 'd1d3728cae', time: '2019-04-24T13:42:21'
System info: host: 'DESKTOP-KF54E9L', ip: '192.168.42.118', os.name: 'Windows 10', os.arch: 'amd64', os.version: '10.0', java.version: '1.8.0_321'
Driver info: io.appium.java_client.AppiumDriver
Capabilities {appActivity: .presentation.splashScreen...., appPackage: com.example.svetlana.scheduler, automationName: UiAutomator2, databaseEnabled: false, desired: {appActivity: .presentation.splashScreen...., appPackage: com.example.svetlana.scheduler, automationName: UiAutomator2, deviceName: R58N75HPY8E, platformName: android, platformVersion: 12}, deviceApiLevel: 31, deviceManufacturer: samsung, deviceModel: SM-N985F, deviceName: R58N75HPY8E, deviceScreenDensity: 420, deviceScreenSize: 1080x2316, deviceUDID: R58N75HPY8E, javascriptEnabled: true, locationContextEnabled: false, networkConnectionEnabled: true, pixelRatio: 2.625, platform: LINUX, platformName: Android, platformVersion: 12, statBarHeight: 67, takesScreenshot: true, viewportRect: {height: 2056, left: 0, top: 67, width: 1080}, warnings: {}, webStorageEnabled: false}
Session ID: 560fc166-0b81-4635-8d38-515dd9c0c60d
*** Element info: {Using=xpath, value=//*[@content-desc='Open']}
09:28:25  INFO  manager.MyListener - We have a problem -->org.openqa.selenium.NoSuchElementException: An element could not be located on the page using the given search parameters.
For documentation on this error, please visit: https://www.seleniumhq.org/exceptions/no_such_element.html
Build info: version: '4.0.0-alpha-1', revision: 'd1d3728cae', time: '2019-04-24T13:42:21'
System info: host: 'DESKTOP-KF54E9L', ip: '192.168.42.118', os.name: 'Windows 10', os.arch: 'amd64', os.version: '10.0', java.version: '1.8.0_321'
Driver info: io.appium.java_client.AppiumDriver
Capabilities {appActivity: .presentation.splashScreen...., appPackage: com.example.svetlana.scheduler, automationName: UiAutomator2, databaseEnabled: false, desired: {appActivity: .presentation.splashScreen...., appPackage: com.example.svetlana.scheduler, automationName: UiAutomator2, deviceName: R58N75HPY8E, platformName: android, platformVersion: 12}, deviceApiLevel: 31, deviceManufacturer: samsung, deviceModel: SM-N985F, deviceName: R58N75HPY8E, deviceScreenDensity: 420, deviceScreenSize: 1080x2316, deviceUDID: R58N75HPY8E, javascriptEnabled: true, locationContextEnabled: false, networkConnectionEnabled: true, pixelRatio: 2.625, platform: LINUX, platformName: Android, platformVersion: 12, statBarHeight: 67, takesScreenshot: true, viewportRect: {height: 2056, left: 0, top: 67, width: 1080}, warnings: {}, webStorageEnabled: false}
Session ID: 560fc166-0b81-4635-8d38-515dd9c0c60d
*** Element info: {Using=xpath, value=//*[@content-desc='Open']}
09:28:25  INFO  manager.MyListener - element with locator->>By.xpath: //*[@content-desc='Open'] was found
]]></system-out>
  <system-err><![CDATA[]]></system-err>
</testsuite>
