<?xml version="1.0" encoding="UTF-8"?>
<testsuite name="tests.LoginTest" tests="2" skipped="0" failures="0" errors="0" timestamp="2022-06-29T15:22:45" hostname="DESKTOP-KF54E9L" time="22.299">
  <properties/>
  <testcase name="loginPos1" classname="tests.LoginTest" time="10.964"/>
  <testcase name="loginPos2" classname="tests.LoginTest" time="11.334"/>
  <system-out><![CDATA[]]></system-out>
  <system-err><![CDATA[]]></system-err>
</testsuite>
