<?xml version="1.0" encoding="UTF-8"?>
<testsuite name="tests.RegistSuccess" tests="2" skipped="0" failures="0" errors="0" timestamp="2022-06-29T10:11:47" hostname="DESKTOP-KF54E9L" time="28.401">
  <properties/>
  <testcase name="registSuccess1" classname="tests.RegistSuccess" time="14.328"/>
  <testcase name="registSuccess2" classname="tests.RegistSuccess" time="14.072"/>
  <system-out><![CDATA[]]></system-out>
  <system-err><![CDATA[]]></system-err>
</testsuite>
