<?xml version="1.0" encoding="UTF-8"?>
<testsuite name="tests.LoginTest" tests="2" skipped="0" failures="0" errors="0" timestamp="2022-06-29T10:10:57" hostname="DESKTOP-KF54E9L" time="26.468">
  <properties/>
  <testcase name="loginPos1" classname="tests.LoginTest" time="14.231"/>
  <testcase name="loginPos2" classname="tests.LoginTest" time="12.236"/>
  <system-out><![CDATA[]]></system-out>
  <system-err><![CDATA[]]></system-err>
</testsuite>
