<?xml version="1.0" encoding="UTF-8"?>
<testsuite name="tests.LaunchTest" tests="1" skipped="0" failures="0" errors="0" timestamp="2022-06-25T10:21:20" hostname="ARTEMKA" time="0.973">
  <properties/>
  <testcase name="appLaunch" classname="tests.LaunchTest" time="0.973"/>
  <system-out><![CDATA[]]></system-out>
  <system-err><![CDATA[]]></system-err>
</testsuite>
